# JRE version: OpenJDK Runtime Environment (8.0_292-b10) (build 1.8.0_292-8u292-b10-0ubuntu1~20.04-b10)
# Java VM: OpenJDK 64-Bit Server VM (25.292-b10 mixed mode linux-amd64 compressed oops)
Heap:
 PSYoungGen      total 36352K, used 34332K [0x00000000f5580000, 0x00000000f7e00000, 0x0000000100000000)
  eden space 31232K, 100% used [0x00000000f5580000,0x00000000f7400000,0x00000000f7400000)
  from space 5120K, 60% used [0x00000000f7400000,0x00000000f77073a8,0x00000000f7900000)
  to   space 5120K, 15% used [0x00000000f7900000,0x00000000f79c8000,0x00000000f7e00000)
 ParOldGen       total 346112K, used 262168K [0x00000000e0000000, 0x00000000f5200000, 0x00000000f5580000)
  object space 346112K, 75% used [0x00000000e0000000,0x00000000f0006090,0x00000000f5200000)
 Metaspace       used 10479K, capacity 10718K, committed 10880K, reserved 1058816K
  class space    used 1254K, capacity 1369K, committed 1408K, reserved 1048576K
GC Heap History (3 events):
Event: 0.862 GC heap before
{Heap before GC invocations=1 (full 0):
 PSYoungGen      total 36352K, used 31232K [0x00000000f5580000, 0x00000000f7e00000, 0x0000000100000000)
  eden space 31232K, 100% used [0x00000000f5580000,0x00000000f7400000,0x00000000f7400000)
  from space 5120K, 0% used [0x00000000f7900000,0x00000000f7900000,0x00000000f7e00000)
  to   space 5120K, 0% used [0x00000000f7400000,0x00000000f7400000,0x00000000f7900000)
 ParOldGen       total 83456K, used 0K [0x00000000e0000000, 0x00000000e5180000, 0x00000000f5580000)
  object space 83456K, 0% used [0x00000000e0000000,0x00000000e0000000,0x00000000e5180000)
 Metaspace       used 7186K, capacity 7362K, committed 7680K, reserved 1056768K
  class space    used 827K, capacity 903K, committed 1024K, reserved 1048576K
Event: 0.867 GC heap after
Heap after GC invocations=1 (full 0):
 PSYoungGen      total 36352K, used 3100K [0x00000000f5580000, 0x00000000f7e00000, 0x0000000100000000)
  eden space 31232K, 0% used [0x00000000f5580000,0x00000000f5580000,0x00000000f7400000)
  from space 5120K, 60% used [0x00000000f7400000,0x00000000f77073a8,0x00000000f7900000)
  to   space 5120K, 0% used [0x00000000f7900000,0x00000000f7900000,0x00000000f7e00000)
 ParOldGen       total 83456K, used 16K [0x00000000e0000000, 0x00000000e5180000, 0x00000000f5580000)
  object space 83456K, 0% used [0x00000000e0000000,0x00000000e0004000,0x00000000e5180000)
 Metaspace       used 7186K, capacity 7362K, committed 7680K, reserved 1056768K
  class space    used 827K, capacity 903K, committed 1024K, reserved 1048576K
}
Event: 1.329 GC heap before
{Heap before GC invocations=2 (full 0):
 PSYoungGen      total 36352K, used 34332K [0x00000000f5580000, 0x00000000f7e00000, 0x0000000100000000)
  eden space 31232K, 100% used [0x00000000f5580000,0x00000000f7400000,0x00000000f7400000)
  from space 5120K, 60% used [0x00000000f7400000,0x00000000f77073a8,0x00000000f7900000)
  to   space 5120K, 0% used [0x00000000f7900000,0x00000000f7900000,0x00000000f7e00000)
 ParOldGen       total 83456K, used 16K [0x00000000e0000000, 0x00000000e5180000, 0x00000000f5580000)
  object space 83456K, 0% used [0x00000000e0000000,0x00000000e0004000,0x00000000e5180000)
 Metaspace       used 10479K, capacity 10718K, committed 10880K, reserved 1058816K
  class space    used 1254K, capacity 1369K, committed 1408K, reserved 1048576K

