# JRE version: OpenJDK Runtime Environment (8.0_292-b10) (build 1.8.0_292-8u292-b10-0ubuntu1~20.04-b10)
# Java VM: OpenJDK 64-Bit Server VM (25.292-b10 mixed mode linux-amd64 compressed oops)
Heap:
 PSYoungGen      total 67584K, used 34891K [0x00000000f5580000, 0x00000000fdb80000, 0x0000000100000000)
  eden space 62464K, 47% used [0x00000000f5580000,0x00000000f729a8e0,0x00000000f9280000)
  from space 5120K, 99% used [0x00000000f9280000,0x00000000f9778378,0x00000000f9780000)
  to   space 6144K, 0% used [0x00000000fd580000,0x00000000fd580000,0x00000000fdb80000)
 ParOldGen       total 83456K, used 746K [0x00000000e0000000, 0x00000000e5180000, 0x00000000f5580000)
  object space 83456K, 0% used [0x00000000e0000000,0x00000000e00bab38,0x00000000e5180000)
 Metaspace       used 17123K, capacity 18120K, committed 18304K, reserved 1064960K
  class space    used 2355K, capacity 2566K, committed 2688K, reserved 1048576K
GC Heap History (10 events):
Event: 0.866 GC heap before
{Heap before GC invocations=1 (full 0):
 PSYoungGen      total 36352K, used 31232K [0x00000000f5580000, 0x00000000f7e00000, 0x0000000100000000)
  eden space 31232K, 100% used [0x00000000f5580000,0x00000000f7400000,0x00000000f7400000)
  from space 5120K, 0% used [0x00000000f7900000,0x00000000f7900000,0x00000000f7e00000)
  to   space 5120K, 0% used [0x00000000f7400000,0x00000000f7400000,0x00000000f7900000)
 ParOldGen       total 83456K, used 0K [0x00000000e0000000, 0x00000000e5180000, 0x00000000f5580000)
  object space 83456K, 0% used [0x00000000e0000000,0x00000000e0000000,0x00000000e5180000)
 Metaspace       used 7203K, capacity 7366K, committed 7680K, reserved 1056768K
  class space    used 827K, capacity 903K, committed 1024K, reserved 1048576K
Event: 0.870 GC heap after
Heap after GC invocations=1 (full 0):
 PSYoungGen      total 36352K, used 3084K [0x00000000f5580000, 0x00000000f7e00000, 0x0000000100000000)
  eden space 31232K, 0% used [0x00000000f5580000,0x00000000f5580000,0x00000000f7400000)
  from space 5120K, 60% used [0x00000000f7400000,0x00000000f7703398,0x00000000f7900000)
  to   space 5120K, 0% used [0x00000000f7900000,0x00000000f7900000,0x00000000f7e00000)
 ParOldGen       total 83456K, used 16K [0x00000000e0000000, 0x00000000e5180000, 0x00000000f5580000)
  object space 83456K, 0% used [0x00000000e0000000,0x00000000e0004000,0x00000000e5180000)
 Metaspace       used 7203K, capacity 7366K, committed 7680K, reserved 1056768K
  class space    used 827K, capacity 903K, committed 1024K, reserved 1048576K
}
Event: 1.428 GC heap before
{Heap before GC invocations=2 (full 0):
 PSYoungGen      total 36352K, used 34316K [0x00000000f5580000, 0x00000000f7e00000, 0x0000000100000000)
  eden space 31232K, 100% used [0x00000000f5580000,0x00000000f7400000,0x00000000f7400000)
  from space 5120K, 60% used [0x00000000f7400000,0x00000000f7703398,0x00000000f7900000)
  to   space 5120K, 0% used [0x00000000f7900000,0x00000000f7900000,0x00000000f7e00000)
 ParOldGen       total 83456K, used 16K [0x00000000e0000000, 0x00000000e5180000, 0x00000000f5580000)
  object space 83456K, 0% used [0x00000000e0000000,0x00000000e0004000,0x00000000e5180000)
 Metaspace       used 10286K, capacity 10524K, committed 10880K, reserved 1058816K
  class space    used 1215K, capacity 1324K, committed 1408K, reserved 1048576K
Event: 1.442 GC heap after
Heap after GC invocations=2 (full 0):
 PSYoungGen      total 36352K, used 3491K [0x00000000f5580000, 0x00000000f9c80000, 0x0000000100000000)
  eden space 31232K, 0% used [0x00000000f5580000,0x00000000f5580000,0x00000000f7400000)
  from space 5120K, 68% used [0x00000000f7900000,0x00000000f7c68fe8,0x00000000f7e00000)
  to   space 5120K, 0% used [0x00000000f7400000,0x00000000f7400000,0x00000000f7900000)
 ParOldGen       total 83456K, used 24K [0x00000000e0000000, 0x00000000e5180000, 0x00000000f5580000)
  object space 83456K, 0% used [0x00000000e0000000,0x00000000e0006000,0x00000000e5180000)
 Metaspace       used 10286K, capacity 10524K, committed 10880K, reserved 1058816K
  class space    used 1215K, capacity 1324K, committed 1408K, reserved 1048576K
}
Event: 1.956 GC heap before
{Heap before GC invocations=3 (full 0):
 PSYoungGen      total 36352K, used 34723K [0x00000000f5580000, 0x00000000f9c80000, 0x0000000100000000)
  eden space 31232K, 100% used [0x00000000f5580000,0x00000000f7400000,0x00000000f7400000)
  from space 5120K, 68% used [0x00000000f7900000,0x00000000f7c68fe8,0x00000000f7e00000)
  to   space 5120K, 0% used [0x00000000f7400000,0x00000000f7400000,0x00000000f7900000)
 ParOldGen       total 83456K, used 24K [0x00000000e0000000, 0x00000000e5180000, 0x00000000f5580000)
  object space 83456K, 0% used [0x00000000e0000000,0x00000000e0006000,0x00000000e5180000)
 Metaspace       used 12238K, capacity 12896K, committed 12928K, reserved 1060864K
  class space    used 1504K, capacity 1664K, committed 1664K, reserved 1048576K
Event: 1.967 GC heap after
Heap after GC invocations=3 (full 0):
 PSYoungGen      total 36352K, used 3811K [0x00000000f5580000, 0x00000000f9c80000, 0x0000000100000000)
  eden space 31232K, 0% used [0x00000000f5580000,0x00000000f5580000,0x00000000f7400000)
  from space 5120K, 74% used [0x00000000f7400000,0x00000000f77b8dd0,0x00000000f7900000)
  to   space 5120K, 0% used [0x00000000f9780000,0x00000000f9780000,0x00000000f9c80000)
 ParOldGen       total 83456K, used 32K [0x00000000e0000000, 0x00000000e5180000, 0x00000000f5580000)
  object space 83456K, 0% used [0x00000000e0000000,0x00000000e0008000,0x00000000e5180000)
 Metaspace       used 12238K, capacity 12896K, committed 12928K, reserved 1060864K
  class space    used 1504K, capacity 1664K, committed 1664K, reserved 1048576K
}
Event: 2.374 GC heap before
{Heap before GC invocations=4 (full 0):
 PSYoungGen      total 36352K, used 35043K [0x00000000f5580000, 0x00000000f9c80000, 0x0000000100000000)
  eden space 31232K, 100% used [0x00000000f5580000,0x00000000f7400000,0x00000000f7400000)
  from space 5120K, 74% used [0x00000000f7400000,0x00000000f77b8dd0,0x00000000f7900000)
  to   space 5120K, 0% used [0x00000000f9780000,0x00000000f9780000,0x00000000f9c80000)
 ParOldGen       total 83456K, used 32K [0x00000000e0000000, 0x00000000e5180000, 0x00000000f5580000)
  object space 83456K, 0% used [0x00000000e0000000,0x00000000e0008000,0x00000000e5180000)
 Metaspace       used 13541K, capacity 14520K, committed 14848K, reserved 1062912K
  class space    used 1724K, capacity 1950K, committed 2048K, reserved 1048576K
Event: 2.385 GC heap after
Heap after GC invocations=4 (full 0):
 PSYoungGen      total 67584K, used 4271K [0x00000000f5580000, 0x00000000f9c80000, 0x0000000100000000)
  eden space 62464K, 0% used [0x00000000f5580000,0x00000000f5580000,0x00000000f9280000)
  from space 5120K, 83% used [0x00000000f9780000,0x00000000f9babc78,0x00000000f9c80000)
  to   space 5120K, 0% used [0x00000000f9280000,0x00000000f9280000,0x00000000f9780000)
 ParOldGen       total 83456K, used 40K [0x00000000e0000000, 0x00000000e5180000, 0x00000000f5580000)
  object space 83456K, 0% used [0x00000000e0000000,0x00000000e000a000,0x00000000e5180000)
 Metaspace       used 13541K, capacity 14520K, committed 14848K, reserved 1062912K
  class space    used 1724K, capacity 1950K, committed 2048K, reserved 1048576K
}
Event: 3.015 GC heap before
{Heap before GC invocations=5 (full 0):
 PSYoungGen      total 67584K, used 66735K [0x00000000f5580000, 0x00000000f9c80000, 0x0000000100000000)
  eden space 62464K, 100% used [0x00000000f5580000,0x00000000f9280000,0x00000000f9280000)
  from space 5120K, 83% used [0x00000000f9780000,0x00000000f9babc78,0x00000000f9c80000)
  to   space 5120K, 0% used [0x00000000f9280000,0x00000000f9280000,0x00000000f9780000)
 ParOldGen       total 83456K, used 40K [0x00000000e0000000, 0x00000000e5180000, 0x00000000f5580000)
  object space 83456K, 0% used [0x00000000e0000000,0x00000000e000a000,0x00000000e5180000)
 Metaspace       used 15917K, capacity 16932K, committed 17024K, reserved 1064960K
  class space    used 2164K, capacity 2368K, committed 2432K, reserved 1048576K
Event: 3.033 GC heap after
Heap after GC invocations=5 (full 0):
 PSYoungGen      total 67584K, used 5088K [0x00000000f5580000, 0x00000000fdb80000, 0x0000000100000000)
  eden space 62464K, 0% used [0x00000000f5580000,0x00000000f5580000,0x00000000f9280000)
  from space 5120K, 99% used [0x00000000f9280000,0x00000000f9778378,0x00000000f9780000)
  to   space 6144K, 0% used [0x00000000fd580000,0x00000000fd580000,0x00000000fdb80000)
 ParOldGen       total 83456K, used 746K [0x00000000e0000000, 0x00000000e5180000, 0x00000000f5580000)
  object space 83456K, 0% used [0x00000000e0000000,0x00000000e00bab38,0x00000000e5180000)
 Metaspace       used 15917K, capacity 16932K, committed 17024K, reserved 1064960K
  class space    used 2164K, capacity 2368K, committed 2432K, reserved 1048576K
}

